{
  message: '🛢 Database is connected successfully',
  level: 'info',
  label: 'PH',
  timestamp: '2023-06-09T18:00:13.033Z'
}
{
  message: 'Application  listening on port 5000',
  level: 'info',
  label: 'PH',
  timestamp: '2023-06-09T18:00:13.042Z'
}
{
  message: '🛢 Database is connected successfully',
  level: 'info',
  label: 'PH',
  timestamp: '2023-06-09T18:00:22.268Z'
}
{
  message: 'Application  listening on port 5000',
  level: 'info',
  label: 'PH',
  timestamp: '2023-06-09T18:00:22.274Z'
}
{
  message: '🛢 Database is connected successfully',
  level: 'info',
  label: 'PH',
  timestamp: '2023-06-09T18:00:25.181Z'
}
{
  message: 'Application  listening on port 5000',
  level: 'info',
  label: 'PH',
  timestamp: '2023-06-09T18:00:25.196Z'
}
{
  message: '🛢 Database is connected successfully',
  level: 'info',
  label: 'PH',
  timestamp: '2023-06-09T18:00:52.643Z'
}
{
  message: 'Application  listening on port 5000',
  level: 'info',
  label: 'PH',
  timestamp: '2023-06-09T18:00:52.655Z'
}
{
  message: '🛢 Database is connected successfully',
  level: 'info',
  label: 'PH',
  timestamp: '2023-06-09T18:01:06.204Z'
}
{
  message: 'Application  listening on port 5000',
  level: 'info',
  label: 'PH',
  timestamp: '2023-06-09T18:01:06.220Z'
}
{
  message: '🛢 Database is connected successfully',
  level: 'info',
  label: 'PH',
  timestamp: '2023-06-09T18:01:47.000Z'
}
{
  message: 'Application  listening on port 5000',
  level: 'info',
  label: 'PH',
  timestamp: '2023-06-09T18:01:47.032Z'
}
{
  message: '🛢 Database is connected successfully',
  level: 'info',
  label: 'PH',
  timestamp: '2023-06-09T18:01:52.735Z'
}
{
  message: 'Application  listening on port 5000',
  level: 'info',
  label: 'PH',
  timestamp: '2023-06-09T18:01:52.747Z'
}
{
  message: '🛢 Database is connected successfully',
  level: 'info',
  label: 'PH',
  timestamp: '2023-06-09T18:07:11.306Z'
}
{
  message: 'Application  listening on port 5000',
  level: 'info',
  label: 'PH',
  timestamp: '2023-06-09T18:07:11.324Z'
}
{
  message: '🛢 Database is connected successfully',
  level: 'info',
  label: 'PH',
  timestamp: '2023-06-09T18:07:23.278Z'
}
{
  message: 'Application  listening on port 5000',
  level: 'info',
  label: 'PH',
  timestamp: '2023-06-09T18:07:23.287Z'
}
{
  message: '🛢 Database is connected successfully',
  level: 'info',
  label: 'PH',
  timestamp: '2023-06-09T18:07:26.337Z'
}
{
  message: 'Application  listening on port 5000',
  level: 'info',
  label: 'PH',
  timestamp: '2023-06-09T18:07:26.356Z'
}
{
  message: '🛢 Database is connected successfully',
  level: 'info',
  label: 'PH',
  timestamp: '2023-06-09T18:07:52.276Z'
}
{
  message: 'Application  listening on port 5000',
  level: 'info',
  label: 'PH',
  timestamp: '2023-06-09T18:07:52.294Z'
}
{
  message: '🛢 Database is connected successfully',
  level: 'info',
  label: 'PH',
  timestamp: '2023-06-09T18:08:06.781Z'
}
{
  message: 'Application  listening on port 5000',
  level: 'info',
  label: 'PH',
  timestamp: '2023-06-09T18:08:06.806Z'
}
{
  message: '🛢 Database is connected successfully',
  level: 'info',
  label: 'PH',
  timestamp: '2023-06-09T18:08:25.958Z'
}
{
  message: 'Application  listening on port 5000',
  level: 'info',
  label: 'PH',
  timestamp: '2023-06-09T18:08:25.973Z'
}
