{
  message: '🛢 Database is connected successfully',
  level: 'info',
  label: 'PH',
  timestamp: '2023-06-09T17:09:52.494Z'
}
{
  message: 'Application  listening on port 5000',
  level: 'info',
  label: 'PH',
  timestamp: '2023-06-09T17:09:52.513Z'
}
{
  message: '🛢 Database is connected successfully',
  level: 'info',
  label: 'PH',
  timestamp: '2023-06-09T17:10:05.776Z'
}
{
  message: 'Application  listening on port 5000',
  level: 'info',
  label: 'PH',
  timestamp: '2023-06-09T17:10:05.790Z'
}
{
  message: '🛢 Database is connected successfully',
  level: 'info',
  label: 'PH',
  timestamp: '2023-06-09T17:10:19.597Z'
}
{
  message: 'Application  listening on port 5000',
  level: 'info',
  label: 'PH',
  timestamp: '2023-06-09T17:10:19.616Z'
}
{
  message: '🛢 Database is connected successfully',
  level: 'info',
  label: 'PH',
  timestamp: '2023-06-09T17:10:22.035Z'
}
{
  message: 'Application  listening on port 5000',
  level: 'info',
  label: 'PH',
  timestamp: '2023-06-09T17:10:22.044Z'
}
{
  message: '🛢 Database is connected successfully',
  level: 'info',
  label: 'PH',
  timestamp: '2023-06-09T17:10:25.805Z'
}
{
  message: 'Application  listening on port 5000',
  level: 'info',
  label: 'PH',
  timestamp: '2023-06-09T17:10:25.811Z'
}
{
  message: '🛢 Database is connected successfully',
  level: 'info',
  label: 'PH',
  timestamp: '2023-06-09T17:10:29.107Z'
}
{
  message: 'Application  listening on port 5000',
  level: 'info',
  label: 'PH',
  timestamp: '2023-06-09T17:10:29.121Z'
}
{
  message: '🛢 Database is connected successfully',
  level: 'info',
  label: 'PH',
  timestamp: '2023-06-09T17:10:42.371Z'
}
{
  message: 'Application  listening on port 5000',
  level: 'info',
  label: 'PH',
  timestamp: '2023-06-09T17:10:42.378Z'
}
{
  message: '🛢 Database is connected successfully',
  level: 'info',
  label: 'PH',
  timestamp: '2023-06-09T17:10:51.740Z'
}
{
  message: 'Application  listening on port 5000',
  level: 'info',
  label: 'PH',
  timestamp: '2023-06-09T17:10:51.755Z'
}
{
  message: '🛢 Database is connected successfully',
  level: 'info',
  label: 'PH',
  timestamp: '2023-06-09T17:11:26.674Z'
}
{
  message: 'Application  listening on port 5000',
  level: 'info',
  label: 'PH',
  timestamp: '2023-06-09T17:11:26.688Z'
}
{
  message: '🛢 Database is connected successfully',
  level: 'info',
  label: 'PH',
  timestamp: '2023-06-09T17:11:44.354Z'
}
{
  message: 'Application  listening on port 5000',
  level: 'info',
  label: 'PH',
  timestamp: '2023-06-09T17:11:44.375Z'
}
{
  message: '🛢 Database is connected successfully',
  level: 'info',
  label: 'PH',
  timestamp: '2023-06-09T17:11:48.302Z'
}
{
  message: 'Application  listening on port 5000',
  level: 'info',
  label: 'PH',
  timestamp: '2023-06-09T17:11:48.309Z'
}
{
  message: '🛢 Database is connected successfully',
  level: 'info',
  label: 'PH',
  timestamp: '2023-06-09T17:12:10.892Z'
}
{
  message: 'Application  listening on port 5000',
  level: 'info',
  label: 'PH',
  timestamp: '2023-06-09T17:12:10.899Z'
}
{
  message: '🛢 Database is connected successfully',
  level: 'info',
  label: 'PH',
  timestamp: '2023-06-09T17:12:19.499Z'
}
{
  message: 'Application  listening on port 5000',
  level: 'info',
  label: 'PH',
  timestamp: '2023-06-09T17:12:19.510Z'
}
{
  message: '🛢 Database is connected successfully',
  level: 'info',
  label: 'PH',
  timestamp: '2023-06-09T17:12:26.453Z'
}
{
  message: 'Application  listening on port 5000',
  level: 'info',
  label: 'PH',
  timestamp: '2023-06-09T17:12:26.462Z'
}
{
  message: '🛢 Database is connected successfully',
  level: 'info',
  label: 'PH',
  timestamp: '2023-06-09T17:12:30.145Z'
}
{
  message: 'Application  listening on port 5000',
  level: 'info',
  label: 'PH',
  timestamp: '2023-06-09T17:12:30.164Z'
}
{
  message: '🛢 Database is connected successfully',
  level: 'info',
  label: 'PH',
  timestamp: '2023-06-09T17:12:35.562Z'
}
{
  message: 'Application  listening on port 5000',
  level: 'info',
  label: 'PH',
  timestamp: '2023-06-09T17:12:35.579Z'
}
{
  message: '🛢 Database is connected successfully',
  level: 'info',
  label: 'PH',
  timestamp: '2023-06-09T17:12:39.438Z'
}
{
  message: 'Application  listening on port 5000',
  level: 'info',
  label: 'PH',
  timestamp: '2023-06-09T17:12:39.461Z'
}
{
  message: '🛢 Database is connected successfully',
  level: 'info',
  label: 'PH',
  timestamp: '2023-06-09T17:12:43.823Z'
}
{
  message: 'Application  listening on port 5000',
  level: 'info',
  label: 'PH',
  timestamp: '2023-06-09T17:12:43.833Z'
}
{
  message: '🛢 Database is connected successfully',
  level: 'info',
  label: 'PH',
  timestamp: '2023-06-09T17:12:49.215Z'
}
{
  message: 'Application  listening on port 5000',
  level: 'info',
  label: 'PH',
  timestamp: '2023-06-09T17:12:49.236Z'
}
{
  message: '🛢 Database is connected successfully',
  level: 'info',
  label: 'PH',
  timestamp: '2023-06-09T17:12:53.764Z'
}
{
  message: 'Application  listening on port 5000',
  level: 'info',
  label: 'PH',
  timestamp: '2023-06-09T17:12:53.774Z'
}
{
  message: '🛢 Database is connected successfully',
  level: 'info',
  label: 'PH',
  timestamp: '2023-06-09T17:13:02.244Z'
}
{
  message: 'Application  listening on port 5000',
  level: 'info',
  label: 'PH',
  timestamp: '2023-06-09T17:13:02.251Z'
}
{
  message: '🛢 Database is connected successfully',
  level: 'info',
  label: 'PH',
  timestamp: '2023-06-09T17:13:06.831Z'
}
{
  message: 'Application  listening on port 5000',
  level: 'info',
  label: 'PH',
  timestamp: '2023-06-09T17:13:06.848Z'
}
{
  message: '🛢 Database is connected successfully',
  level: 'info',
  label: 'PH',
  timestamp: '2023-06-09T17:13:08.821Z'
}
{
  message: 'Application  listening on port 5000',
  level: 'info',
  label: 'PH',
  timestamp: '2023-06-09T17:13:08.836Z'
}
{
  message: '🛢 Database is connected successfully',
  level: 'info',
  label: 'PH',
  timestamp: '2023-06-09T17:13:17.845Z'
}
{
  message: 'Application  listening on port 5000',
  level: 'info',
  label: 'PH',
  timestamp: '2023-06-09T17:13:17.861Z'
}
{
  message: '🛢 Database is connected successfully',
  level: 'info',
  label: 'PH',
  timestamp: '2023-06-09T17:13:24.220Z'
}
{
  message: 'Application  listening on port 5000',
  level: 'info',
  label: 'PH',
  timestamp: '2023-06-09T17:13:24.233Z'
}
{
  message: '🛢 Database is connected successfully',
  level: 'info',
  label: 'PH',
  timestamp: '2023-06-09T17:13:30.351Z'
}
{
  message: 'Application  listening on port 5000',
  level: 'info',
  label: 'PH',
  timestamp: '2023-06-09T17:13:30.359Z'
}
{
  message: '🛢 Database is connected successfully',
  level: 'info',
  label: 'PH',
  timestamp: '2023-06-09T17:18:19.424Z'
}
{
  message: 'Application  listening on port 5000',
  level: 'info',
  label: 'PH',
  timestamp: '2023-06-09T17:18:19.438Z'
}
{
  message: '🛢 Database is connected successfully',
  level: 'info',
  label: 'PH',
  timestamp: '2023-06-09T17:18:41.330Z'
}
{
  message: 'Application  listening on port 5000',
  level: 'info',
  label: 'PH',
  timestamp: '2023-06-09T17:18:41.348Z'
}
{
  message: '🛢 Database is connected successfully',
  level: 'info',
  label: 'PH',
  timestamp: '2023-06-09T17:40:42.714Z'
}
{
  message: 'Application  listening on port 5000',
  level: 'info',
  label: 'PH',
  timestamp: '2023-06-09T17:40:42.727Z'
}
{
  message: '🛢 Database is connected successfully',
  level: 'info',
  label: 'PH',
  timestamp: '2023-06-09T17:43:24.913Z'
}
{
  message: 'Application  listening on port 5000',
  level: 'info',
  label: 'PH',
  timestamp: '2023-06-09T17:43:24.920Z'
}
{
  message: '🛢 Database is connected successfully',
  level: 'info',
  label: 'PH',
  timestamp: '2023-06-09T17:43:41.001Z'
}
{
  message: 'Application  listening on port 5000',
  level: 'info',
  label: 'PH',
  timestamp: '2023-06-09T17:43:41.011Z'
}
{
  message: '🛢 Database is connected successfully',
  level: 'info',
  label: 'PH',
  timestamp: '2023-06-09T17:50:27.909Z'
}
{
  message: 'Application  listening on port 5000',
  level: 'info',
  label: 'PH',
  timestamp: '2023-06-09T17:50:27.924Z'
}
{
  message: '🛢 Database is connected successfully',
  level: 'info',
  label: 'PH',
  timestamp: '2023-06-09T17:53:48.802Z'
}
{
  message: 'Application  listening on port 5000',
  level: 'info',
  label: 'PH',
  timestamp: '2023-06-09T17:53:48.810Z'
}
{
  message: '🛢 Database is connected successfully',
  level: 'info',
  label: 'PH',
  timestamp: '2023-06-09T17:54:17.475Z'
}
{
  message: 'Application  listening on port 5000',
  level: 'info',
  label: 'PH',
  timestamp: '2023-06-09T17:54:17.486Z'
}
{
  message: '🛢 Database is connected successfully',
  level: 'info',
  label: 'PH',
  timestamp: '2023-06-09T17:54:41.582Z'
}
{
  message: 'Application  listening on port 5000',
  level: 'info',
  label: 'PH',
  timestamp: '2023-06-09T17:54:41.598Z'
}
{
  message: '🛢 Database is connected successfully',
  level: 'info',
  label: 'PH',
  timestamp: '2023-06-09T17:54:51.725Z'
}
{
  message: 'Application  listening on port 5000',
  level: 'info',
  label: 'PH',
  timestamp: '2023-06-09T17:54:51.739Z'
}
{
  message: '🛢 Database is connected successfully',
  level: 'info',
  label: 'PH',
  timestamp: '2023-06-09T17:54:57.889Z'
}
{
  message: 'Application  listening on port 5000',
  level: 'info',
  label: 'PH',
  timestamp: '2023-06-09T17:54:57.907Z'
}
{
  message: '🛢 Database is connected successfully',
  level: 'info',
  label: 'PH',
  timestamp: '2023-06-09T17:55:10.429Z'
}
{
  message: 'Application  listening on port 5000',
  level: 'info',
  label: 'PH',
  timestamp: '2023-06-09T17:55:10.453Z'
}
{
  message: '🛢 Database is connected successfully',
  level: 'info',
  label: 'PH',
  timestamp: '2023-06-09T17:55:17.998Z'
}
{
  message: 'Application  listening on port 5000',
  level: 'info',
  label: 'PH',
  timestamp: '2023-06-09T17:55:18.016Z'
}
{
  message: '🛢 Database is connected successfully',
  level: 'info',
  label: 'PH',
  timestamp: '2023-06-09T17:59:53.432Z'
}
{
  message: 'Application  listening on port 5000',
  level: 'info',
  label: 'PH',
  timestamp: '2023-06-09T17:59:53.440Z'
}
{
  message: '🛢 Database is connected successfully',
  level: 'info',
  label: 'PH',
  timestamp: '2023-06-09T17:59:58.502Z'
}
{
  message: 'Application  listening on port 5000',
  level: 'info',
  label: 'PH',
  timestamp: '2023-06-09T17:59:58.515Z'
}
