{
  message: '🛢 Database is connected successfully',
  level: 'info',
  label: 'PH',
  timestamp: '2023-06-05T12:18:11.147Z'
}
{
  message: 'Application  listening on port 5000',
  level: 'info',
  label: 'PH',
  timestamp: '2023-06-05T12:18:11.164Z'
}
{
  message: '🛢 Database is connected successfully',
  level: 'info',
  label: 'PH',
  timestamp: '2023-06-05T12:41:58.669Z'
}
{
  message: 'Application  listening on port 5000',
  level: 'info',
  label: 'PH',
  timestamp: '2023-06-05T12:41:58.687Z'
}
{
  message: '🛢 Database is connected successfully',
  level: 'info',
  label: 'PH',
  timestamp: '2023-06-05T12:42:27.257Z'
}
{
  message: 'Application  listening on port 5000',
  level: 'info',
  label: 'PH',
  timestamp: '2023-06-05T12:42:27.263Z'
}
{
  message: '🛢 Database is connected successfully',
  level: 'info',
  label: 'PH',
  timestamp: '2023-06-05T12:42:33.697Z'
}
{
  message: 'Application  listening on port 5000',
  level: 'info',
  label: 'PH',
  timestamp: '2023-06-05T12:42:33.703Z'
}
{
  message: '🛢 Database is connected successfully',
  level: 'info',
  label: 'PH',
  timestamp: '2023-06-05T12:42:46.649Z'
}
{
  message: 'Application  listening on port 5000',
  level: 'info',
  label: 'PH',
  timestamp: '2023-06-05T12:42:46.660Z'
}
{
  message: '🛢 Database is connected successfully',
  level: 'info',
  label: 'PH',
  timestamp: '2023-06-05T12:42:50.000Z'
}
{
  message: 'Application  listening on port 5000',
  level: 'info',
  label: 'PH',
  timestamp: '2023-06-05T12:42:50.009Z'
}
{
  message: '🛢 Database is connected successfully',
  level: 'info',
  label: 'PH',
  timestamp: '2023-06-05T12:42:55.213Z'
}
{
  message: 'Application  listening on port 5000',
  level: 'info',
  label: 'PH',
  timestamp: '2023-06-05T12:42:55.227Z'
}
{
  message: '🛢 Database is connected successfully',
  level: 'info',
  label: 'PH',
  timestamp: '2023-06-05T12:43:01.584Z'
}
{
  message: 'Application  listening on port 5000',
  level: 'info',
  label: 'PH',
  timestamp: '2023-06-05T12:43:01.592Z'
}
{
  message: '🛢 Database is connected successfully',
  level: 'info',
  label: 'PH',
  timestamp: '2023-06-05T12:43:08.643Z'
}
{
  message: 'Application  listening on port 5000',
  level: 'info',
  label: 'PH',
  timestamp: '2023-06-05T12:43:08.658Z'
}
{
  message: '🛢 Database is connected successfully',
  level: 'info',
  label: 'PH',
  timestamp: '2023-06-05T12:43:25.024Z'
}
{
  message: 'Application  listening on port 5000',
  level: 'info',
  label: 'PH',
  timestamp: '2023-06-05T12:43:25.049Z'
}
{
  message: '🛢 Database is connected successfully',
  level: 'info',
  label: 'PH',
  timestamp: '2023-06-05T12:43:35.490Z'
}
{
  message: 'Application  listening on port 5000',
  level: 'info',
  label: 'PH',
  timestamp: '2023-06-05T12:43:35.511Z'
}
{
  message: '🛢 Database is connected successfully',
  level: 'info',
  label: 'PH',
  timestamp: '2023-06-05T12:43:47.052Z'
}
{
  message: 'Application  listening on port 5000',
  level: 'info',
  label: 'PH',
  timestamp: '2023-06-05T12:43:47.069Z'
}
{
  message: '🛢 Database is connected successfully',
  level: 'info',
  label: 'PH',
  timestamp: '2023-06-05T12:43:59.872Z'
}
{
  message: 'Application  listening on port 5000',
  level: 'info',
  label: 'PH',
  timestamp: '2023-06-05T12:43:59.887Z'
}
{
  message: '🛢 Database is connected successfully',
  level: 'info',
  label: 'PH',
  timestamp: '2023-06-05T12:44:08.086Z'
}
{
  message: 'Application  listening on port 5000',
  level: 'info',
  label: 'PH',
  timestamp: '2023-06-05T12:44:08.099Z'
}
{
  message: '🛢 Database is connected successfully',
  level: 'info',
  label: 'PH',
  timestamp: '2023-06-05T12:44:10.759Z'
}
{
  message: 'Application  listening on port 5000',
  level: 'info',
  label: 'PH',
  timestamp: '2023-06-05T12:44:10.783Z'
}
{
  message: '🛢 Database is connected successfully',
  level: 'info',
  label: 'PH',
  timestamp: '2023-06-05T12:44:29.351Z'
}
{
  message: 'Application  listening on port 5000',
  level: 'info',
  label: 'PH',
  timestamp: '2023-06-05T12:44:29.358Z'
}
{
  message: '🛢 Database is connected successfully',
  level: 'info',
  label: 'PH',
  timestamp: '2023-06-05T12:44:56.029Z'
}
{
  message: 'Application  listening on port 5000',
  level: 'info',
  label: 'PH',
  timestamp: '2023-06-05T12:44:56.045Z'
}
{
  message: '🛢 Database is connected successfully',
  level: 'info',
  label: 'PH',
  timestamp: '2023-06-05T12:48:13.298Z'
}
{
  message: '🛢 Database is connected successfully',
  level: 'info',
  label: 'PH',
  timestamp: '2023-06-05T12:48:56.146Z'
}
{
  message: 'Application  listening on port 5000',
  level: 'info',
  label: 'PH',
  timestamp: '2023-06-05T12:48:56.177Z'
}
{
  message: '🛢 Database is connected successfully',
  level: 'info',
  label: 'PH',
  timestamp: '2023-06-05T12:49:02.887Z'
}
{
  message: 'Application  listening on port 5000',
  level: 'info',
  label: 'PH',
  timestamp: '2023-06-05T12:49:02.901Z'
}
{
  message: '🛢 Database is connected successfully',
  level: 'info',
  label: 'PH',
  timestamp: '2023-06-05T12:49:07.924Z'
}
{
  message: '🛢 Database is connected successfully',
  level: 'info',
  label: 'PH',
  timestamp: '2023-06-05T12:50:14.889Z'
}
{
  message: 'Application  listening on port 5000',
  level: 'info',
  label: 'PH',
  timestamp: '2023-06-05T12:50:14.899Z'
}
{
  message: '🛢 Database is connected successfully',
  level: 'info',
  label: 'PH',
  timestamp: '2023-06-05T12:51:22.935Z'
}
{
  message: 'Application  listening on port 5000',
  level: 'info',
  label: 'PH',
  timestamp: '2023-06-05T12:51:22.961Z'
}
{
  message: '🛢 Database is connected successfully',
  level: 'info',
  label: 'PH',
  timestamp: '2023-06-05T12:52:44.862Z'
}
{
  message: 'Application  listening on port 5000',
  level: 'info',
  label: 'PH',
  timestamp: '2023-06-05T12:52:44.879Z'
}
{
  message: '🛢 Database is connected successfully',
  level: 'info',
  label: 'PH',
  timestamp: '2023-06-05T12:52:50.002Z'
}
{
  message: 'Application  listening on port 5000',
  level: 'info',
  label: 'PH',
  timestamp: '2023-06-05T12:52:50.013Z'
}
{
  message: '🛢 Database is connected successfully',
  level: 'info',
  label: 'PH',
  timestamp: '2023-06-05T12:53:10.288Z'
}
{
  message: 'Application  listening on port 5000',
  level: 'info',
  label: 'PH',
  timestamp: '2023-06-05T12:53:10.317Z'
}
{
  message: '🛢 Database is connected successfully',
  level: 'info',
  label: 'PH',
  timestamp: '2023-06-05T12:53:15.877Z'
}
{
  message: 'Application  listening on port 5000',
  level: 'info',
  label: 'PH',
  timestamp: '2023-06-05T12:53:15.901Z'
}
{
  message: '🛢 Database is connected successfully',
  level: 'info',
  label: 'PH',
  timestamp: '2023-06-05T12:53:38.135Z'
}
{
  message: 'Application  listening on port 5000',
  level: 'info',
  label: 'PH',
  timestamp: '2023-06-05T12:53:38.157Z'
}
{
  message: '🛢 Database is connected successfully',
  level: 'info',
  label: 'PH',
  timestamp: '2023-06-05T12:53:54.610Z'
}
{
  message: 'Application  listening on port 5000',
  level: 'info',
  label: 'PH',
  timestamp: '2023-06-05T12:53:54.624Z'
}
{
  message: '🛢 Database is connected successfully',
  level: 'info',
  label: 'PH',
  timestamp: '2023-06-05T12:53:59.436Z'
}
{
  message: 'Application  listening on port 5000',
  level: 'info',
  label: 'PH',
  timestamp: '2023-06-05T12:53:59.462Z'
}
{
  message: '🛢 Database is connected successfully',
  level: 'info',
  label: 'PH',
  timestamp: '2023-06-05T12:54:17.533Z'
}
{
  message: 'Application  listening on port 5000',
  level: 'info',
  label: 'PH',
  timestamp: '2023-06-05T12:54:17.540Z'
}
{
  message: '🛢 Database is connected successfully',
  level: 'info',
  label: 'PH',
  timestamp: '2023-06-05T12:54:43.930Z'
}
{
  message: 'Application  listening on port 5000',
  level: 'info',
  label: 'PH',
  timestamp: '2023-06-05T12:54:43.950Z'
}
{
  message: '🛢 Database is connected successfully',
  level: 'info',
  label: 'PH',
  timestamp: '2023-06-05T12:55:25.474Z'
}
{
  message: 'Application  listening on port 5000',
  level: 'info',
  label: 'PH',
  timestamp: '2023-06-05T12:55:25.488Z'
}
{
  message: '🛢 Database is connected successfully',
  level: 'info',
  label: 'PH',
  timestamp: '2023-06-05T12:55:56.442Z'
}
{
  message: 'Application  listening on port 5000',
  level: 'info',
  label: 'PH',
  timestamp: '2023-06-05T12:55:56.456Z'
}
{
  message: '🛢 Database is connected successfully',
  level: 'info',
  label: 'PH',
  timestamp: '2023-06-05T12:56:06.394Z'
}
{
  message: 'Application  listening on port 5000',
  level: 'info',
  label: 'PH',
  timestamp: '2023-06-05T12:56:06.410Z'
}
{
  message: '🛢 Database is connected successfully',
  level: 'info',
  label: 'PH',
  timestamp: '2023-06-05T12:56:35.120Z'
}
{
  message: 'Application  listening on port 5000',
  level: 'info',
  label: 'PH',
  timestamp: '2023-06-05T12:56:35.126Z'
}
