{
  message: '🛢 Database is connected successfully',
  level: 'info',
  label: 'PH',
  timestamp: '2023-06-05T15:16:46.596Z'
}
{
  message: 'Application  listening on port 5000',
  level: 'info',
  label: 'PH',
  timestamp: '2023-06-05T15:16:46.609Z'
}
{
  message: '🛢 Database is connected successfully',
  level: 'info',
  label: 'PH',
  timestamp: '2023-06-05T15:20:24.159Z'
}
{
  message: 'Application  listening on port 5000',
  level: 'info',
  label: 'PH',
  timestamp: '2023-06-05T15:20:24.178Z'
}
{
  message: '🛢 Database is connected successfully',
  level: 'info',
  label: 'PH',
  timestamp: '2023-06-05T15:20:37.513Z'
}
{
  message: 'Application  listening on port 5000',
  level: 'info',
  label: 'PH',
  timestamp: '2023-06-05T15:20:37.525Z'
}
{
  message: '🛢 Database is connected successfully',
  level: 'info',
  label: 'PH',
  timestamp: '2023-06-05T15:20:43.023Z'
}
{
  message: 'Application  listening on port 5000',
  level: 'info',
  label: 'PH',
  timestamp: '2023-06-05T15:20:43.035Z'
}
{
  message: '🛢 Database is connected successfully',
  level: 'info',
  label: 'PH',
  timestamp: '2023-06-05T15:20:52.624Z'
}
{
  message: 'Application  listening on port 5000',
  level: 'info',
  label: 'PH',
  timestamp: '2023-06-05T15:20:52.639Z'
}
{
  message: '🛢 Database is connected successfully',
  level: 'info',
  label: 'PH',
  timestamp: '2023-06-05T15:26:24.877Z'
}
{
  message: 'Application  listening on port 5000',
  level: 'info',
  label: 'PH',
  timestamp: '2023-06-05T15:26:24.887Z'
}
{
  message: '🛢 Database is connected successfully',
  level: 'info',
  label: 'PH',
  timestamp: '2023-06-05T15:26:30.491Z'
}
{
  message: 'Application  listening on port 5000',
  level: 'info',
  label: 'PH',
  timestamp: '2023-06-05T15:26:30.498Z'
}
{
  message: '🛢 Database is connected successfully',
  level: 'info',
  label: 'PH',
  timestamp: '2023-06-05T15:26:42.342Z'
}
{
  message: 'Application  listening on port 5000',
  level: 'info',
  label: 'PH',
  timestamp: '2023-06-05T15:26:42.356Z'
}
{
  message: '🛢 Database is connected successfully',
  level: 'info',
  label: 'PH',
  timestamp: '2023-06-05T15:27:21.809Z'
}
{
  message: 'Application  listening on port 5000',
  level: 'info',
  label: 'PH',
  timestamp: '2023-06-05T15:27:21.819Z'
}
{
  message: '🛢 Database is connected successfully',
  level: 'info',
  label: 'PH',
  timestamp: '2023-06-05T15:41:54.937Z'
}
{
  message: 'Application  listening on port 5000',
  level: 'info',
  label: 'PH',
  timestamp: '2023-06-05T15:41:54.955Z'
}
{
  message: '🛢 Database is connected successfully',
  level: 'info',
  label: 'PH',
  timestamp: '2023-06-05T15:42:37.469Z'
}
{
  message: 'Application  listening on port 5000',
  level: 'info',
  label: 'PH',
  timestamp: '2023-06-05T15:42:37.487Z'
}
{
  message: '🛢 Database is connected successfully',
  level: 'info',
  label: 'PH',
  timestamp: '2023-06-05T15:42:40.956Z'
}
{
  message: 'Application  listening on port 5000',
  level: 'info',
  label: 'PH',
  timestamp: '2023-06-05T15:42:40.967Z'
}
{
  message: '🛢 Database is connected successfully',
  level: 'info',
  label: 'PH',
  timestamp: '2023-06-05T15:42:47.222Z'
}
{
  message: 'Application  listening on port 5000',
  level: 'info',
  label: 'PH',
  timestamp: '2023-06-05T15:42:47.232Z'
}
{
  message: '🛢 Database is connected successfully',
  level: 'info',
  label: 'PH',
  timestamp: '2023-06-05T15:42:51.287Z'
}
{
  message: 'Application  listening on port 5000',
  level: 'info',
  label: 'PH',
  timestamp: '2023-06-05T15:42:51.297Z'
}
{
  message: '🛢 Database is connected successfully',
  level: 'info',
  label: 'PH',
  timestamp: '2023-06-05T15:42:56.094Z'
}
{
  message: 'Application  listening on port 5000',
  level: 'info',
  label: 'PH',
  timestamp: '2023-06-05T15:42:56.107Z'
}
{
  message: '🛢 Database is connected successfully',
  level: 'info',
  label: 'PH',
  timestamp: '2023-06-05T15:43:02.355Z'
}
{
  message: 'Application  listening on port 5000',
  level: 'info',
  label: 'PH',
  timestamp: '2023-06-05T15:43:02.372Z'
}
{
  message: '🛢 Database is connected successfully',
  level: 'info',
  label: 'PH',
  timestamp: '2023-06-05T15:43:05.371Z'
}
{
  message: 'Application  listening on port 5000',
  level: 'info',
  label: 'PH',
  timestamp: '2023-06-05T15:43:05.381Z'
}
{
  message: '🛢 Database is connected successfully',
  level: 'info',
  label: 'PH',
  timestamp: '2023-06-05T15:43:08.591Z'
}
{
  message: 'Application  listening on port 5000',
  level: 'info',
  label: 'PH',
  timestamp: '2023-06-05T15:43:08.600Z'
}
{
  message: '🛢 Database is connected successfully',
  level: 'info',
  label: 'PH',
  timestamp: '2023-06-05T15:43:17.844Z'
}
{
  message: 'Application  listening on port 5000',
  level: 'info',
  label: 'PH',
  timestamp: '2023-06-05T15:43:17.851Z'
}
{
  message: '🛢 Database is connected successfully',
  level: 'info',
  label: 'PH',
  timestamp: '2023-06-05T15:43:23.741Z'
}
{
  message: 'Application  listening on port 5000',
  level: 'info',
  label: 'PH',
  timestamp: '2023-06-05T15:43:23.762Z'
}
{
  message: '🛢 Database is connected successfully',
  level: 'info',
  label: 'PH',
  timestamp: '2023-06-05T15:43:25.862Z'
}
{
  message: 'Application  listening on port 5000',
  level: 'info',
  label: 'PH',
  timestamp: '2023-06-05T15:43:25.868Z'
}
{
  message: '🛢 Database is connected successfully',
  level: 'info',
  label: 'PH',
  timestamp: '2023-06-05T15:43:36.575Z'
}
{
  message: 'Application  listening on port 5000',
  level: 'info',
  label: 'PH',
  timestamp: '2023-06-05T15:43:36.587Z'
}
{
  message: '🛢 Database is connected successfully',
  level: 'info',
  label: 'PH',
  timestamp: '2023-06-05T15:44:54.330Z'
}
{
  message: 'Application  listening on port 5000',
  level: 'info',
  label: 'PH',
  timestamp: '2023-06-05T15:44:54.346Z'
}
{
  message: '🛢 Database is connected successfully',
  level: 'info',
  label: 'PH',
  timestamp: '2023-06-05T15:45:09.793Z'
}
{
  message: 'Application  listening on port 5000',
  level: 'info',
  label: 'PH',
  timestamp: '2023-06-05T15:45:09.812Z'
}
{
  message: '🛢 Database is connected successfully',
  level: 'info',
  label: 'PH',
  timestamp: '2023-06-05T15:46:00.039Z'
}
{
  message: 'Application  listening on port 5000',
  level: 'info',
  label: 'PH',
  timestamp: '2023-06-05T15:46:00.053Z'
}
{
  message: '🛢 Database is connected successfully',
  level: 'info',
  label: 'PH',
  timestamp: '2023-06-05T15:46:06.334Z'
}
{
  message: 'Application  listening on port 5000',
  level: 'info',
  label: 'PH',
  timestamp: '2023-06-05T15:46:06.356Z'
}
{
  message: '🛢 Database is connected successfully',
  level: 'info',
  label: 'PH',
  timestamp: '2023-06-05T15:46:08.834Z'
}
{
  message: 'Application  listening on port 5000',
  level: 'info',
  label: 'PH',
  timestamp: '2023-06-05T15:46:08.846Z'
}
{
  message: '🛢 Database is connected successfully',
  level: 'info',
  label: 'PH',
  timestamp: '2023-06-05T15:46:13.211Z'
}
{
  message: 'Application  listening on port 5000',
  level: 'info',
  label: 'PH',
  timestamp: '2023-06-05T15:46:13.220Z'
}
{
  message: '🛢 Database is connected successfully',
  level: 'info',
  label: 'PH',
  timestamp: '2023-06-05T15:46:15.538Z'
}
{
  message: 'Application  listening on port 5000',
  level: 'info',
  label: 'PH',
  timestamp: '2023-06-05T15:46:15.545Z'
}
{
  message: '🛢 Database is connected successfully',
  level: 'info',
  label: 'PH',
  timestamp: '2023-06-05T15:46:19.009Z'
}
{
  message: 'Application  listening on port 5000',
  level: 'info',
  label: 'PH',
  timestamp: '2023-06-05T15:46:19.016Z'
}
{
  message: '🛢 Database is connected successfully',
  level: 'info',
  label: 'PH',
  timestamp: '2023-06-05T15:46:24.479Z'
}
{
  message: 'Application  listening on port 5000',
  level: 'info',
  label: 'PH',
  timestamp: '2023-06-05T15:46:24.497Z'
}
{
  message: '🛢 Database is connected successfully',
  level: 'info',
  label: 'PH',
  timestamp: '2023-06-05T15:46:37.667Z'
}
{
  message: 'Application  listening on port 5000',
  level: 'info',
  label: 'PH',
  timestamp: '2023-06-05T15:46:37.689Z'
}
{
  message: '🛢 Database is connected successfully',
  level: 'info',
  label: 'PH',
  timestamp: '2023-06-05T15:47:50.613Z'
}
{
  message: 'Application  listening on port 5000',
  level: 'info',
  label: 'PH',
  timestamp: '2023-06-05T15:47:50.628Z'
}
{
  message: '🛢 Database is connected successfully',
  level: 'info',
  label: 'PH',
  timestamp: '2023-06-05T15:51:12.887Z'
}
{
  message: 'Application  listening on port 5000',
  level: 'info',
  label: 'PH',
  timestamp: '2023-06-05T15:51:12.910Z'
}
{
  message: '🛢 Database is connected successfully',
  level: 'info',
  label: 'PH',
  timestamp: '2023-06-05T15:51:17.950Z'
}
{
  message: 'Application  listening on port 5000',
  level: 'info',
  label: 'PH',
  timestamp: '2023-06-05T15:51:17.961Z'
}
{
  message: '🛢 Database is connected successfully',
  level: 'info',
  label: 'PH',
  timestamp: '2023-06-05T15:51:21.775Z'
}
{
  message: 'Application  listening on port 5000',
  level: 'info',
  label: 'PH',
  timestamp: '2023-06-05T15:51:21.792Z'
}
{
  message: '🛢 Database is connected successfully',
  level: 'info',
  label: 'PH',
  timestamp: '2023-06-05T15:51:24.034Z'
}
{
  message: 'Application  listening on port 5000',
  level: 'info',
  label: 'PH',
  timestamp: '2023-06-05T15:51:24.044Z'
}
{
  message: '🛢 Database is connected successfully',
  level: 'info',
  label: 'PH',
  timestamp: '2023-06-05T15:51:30.785Z'
}
{
  message: 'Application  listening on port 5000',
  level: 'info',
  label: 'PH',
  timestamp: '2023-06-05T15:51:30.805Z'
}
{
  message: '🛢 Database is connected successfully',
  level: 'info',
  label: 'PH',
  timestamp: '2023-06-05T15:51:39.622Z'
}
{
  message: 'Application  listening on port 5000',
  level: 'info',
  label: 'PH',
  timestamp: '2023-06-05T15:51:39.639Z'
}
