{
  message: '🛢 Database is connected successfully',
  level: 'info',
  label: 'PH',
  timestamp: '2023-06-05T12:13:11.364Z'
}
{
  message: 'Application  listening on port 5000',
  level: 'info',
  label: 'PH',
  timestamp: '2023-06-05T12:13:11.383Z'
}
{
  message: '🛢 Database is connected successfully',
  level: 'info',
  label: 'PH',
  timestamp: '2023-06-05T12:13:23.143Z'
}
{
  message: 'Application  listening on port 5000',
  level: 'info',
  label: 'PH',
  timestamp: '2023-06-05T12:13:23.171Z'
}
{
  message: '🛢 Database is connected successfully',
  level: 'info',
  label: 'PH',
  timestamp: '2023-06-05T12:13:36.057Z'
}
{
  message: 'Application  listening on port 5000',
  level: 'info',
  label: 'PH',
  timestamp: '2023-06-05T12:13:36.081Z'
}
{
  message: '🛢 Database is connected successfully',
  level: 'info',
  label: 'PH',
  timestamp: '2023-06-05T12:14:03.818Z'
}
{
  message: 'Application  listening on port 5000',
  level: 'info',
  label: 'PH',
  timestamp: '2023-06-05T12:14:03.827Z'
}
